<?xml version="1.0" encoding="UTF-8"?>
<testsuite name="_styling_the_form.AppTest" tests="1" skipped="0" failures="0" errors="0" timestamp="2023-06-07T09:22:29" hostname="MacBookPro.home-life.hub" time="0.024">
  <properties/>
  <testcase name="appHasAGreeting()" classname="_styling_the_form.AppTest" time="0.024"/>
  <system-out><![CDATA[]]></system-out>
  <system-err><![CDATA[]]></system-err>
</testsuite>
