<?xml version="1.0" encoding="UTF-8"?>
<testsuite name="_serving_html.AppTest" tests="1" skipped="0" failures="0" errors="0" timestamp="2023-06-06T18:44:24" hostname="MacBookPro.home-life.hub" time="0.022">
  <properties/>
  <testcase name="appHasAGreeting()" classname="_serving_html.AppTest" time="0.022"/>
  <system-out><![CDATA[]]></system-out>
  <system-err><![CDATA[]]></system-err>
</testsuite>
