<?xml version="1.0" encoding="UTF-8"?>
<testsuite name="_servlets.AppTest" tests="1" skipped="0" failures="0" errors="0" timestamp="2023-06-06T18:31:45" hostname="MacBookPro.home-life.hub" time="0.02">
  <properties/>
  <testcase name="appHasAGreeting()" classname="_servlets.AppTest" time="0.02"/>
  <system-out><![CDATA[]]></system-out>
  <system-err><![CDATA[]]></system-err>
</testsuite>
