<?xml version="1.0" encoding="UTF-8"?>
<testsuite name="_crating_a_form.AppTest" tests="1" skipped="0" failures="0" errors="0" timestamp="2023-06-07T06:34:59" hostname="MacBookPro.home-life.hub" time="0.027">
  <properties/>
  <testcase name="appHasAGreeting()" classname="_crating_a_form.AppTest" time="0.027"/>
  <system-out><![CDATA[]]></system-out>
  <system-err><![CDATA[]]></system-err>
</testsuite>
